<?xml version="1.0" encoding="UTF-8"?>
<!-- Generated by org.testng.reporters.JUnitXMLReporter -->
<testsuite ignored="0" hostname="DESKTOP-60FMTN5" failures="0" tests="3" name="Test" time="1.597" errors="0" timestamp="2022-05-06T11:14:38 IST">
  <testcase classname="Udemy.E2Eproject.Homepage" name="@BeforeTest opensite" time="1.544">
    <failure type="org.openqa.selenium.SessionNotCreatedException" message="session not created: This version of ChromeDriver only supports Chrome version 99
Current browser version is 101.0.4951.54 with binary path C:\Program Files (x86)\Google\Chrome\Application\chrome.exe
Build info: version: &amp;apos;3.141.59&amp;apos;, revision: &amp;apos;e82be7d358&amp;apos;, time: &amp;apos;2018-11-14T08:17:03&amp;apos;
System info: host: &amp;apos;DESKTOP-60FMTN5&amp;apos;, ip: &amp;apos;192.168.1.7&amp;apos;, os.name: &amp;apos;Windows 10&amp;apos;, os.arch: &amp;apos;amd64&amp;apos;, os.version: &amp;apos;10.0&amp;apos;, java.version: &amp;apos;11.0.13&amp;apos;
Driver info: driver.version: ChromeDriver
remote stacktrace: Backtrace:
	Ordinal0 [0x00C89943+2595139]
	Ordinal0 [0x00C1C9F1+2148849]
	Ordinal0 [0x00B14528+1066280]
	Ordinal0 [0x00B342C3+1196739]
	Ordinal0 [0x00B2FE37+1179191]
	Ordinal0 [0x00B2D6F1+1169137]
	Ordinal0 [0x00B60530+1377584]
	Ordinal0 [0x00B6018A+1376650]
	Ordinal0 [0x00B5B806+1357830]
	Ordinal0 [0x00B36086+1204358]
	Ordinal0 [0x00B36F96+1208214]
	GetHandleVerifier [0x00E2B232+1658114]
	GetHandleVerifier [0x00EE312C+2411516]
	GetHandleVerifier [0x00D1F261+560433]
	GetHandleVerifier [0x00D1E366+556598]
	Ordinal0 [0x00C2286B+2173035]
	Ordinal0 [0x00C275F8+2192888]
	Ordinal0 [0x00C276E5+2193125]
	Ordinal0 [0x00C311FC+2232828]
	BaseThreadInitThunk [0x75B9FA29+25]
	RtlGetAppContainerNamedObjectPath [0x772B7A7E+286]
	RtlGetAppContainerNamedObjectPath [0x772B7A4E+238]
">
      <![CDATA[org.openqa.selenium.SessionNotCreatedException: session not created: This version of ChromeDriver only supports Chrome version 99
Current browser version is 101.0.4951.54 with binary path C:\Program Files (x86)\Google\Chrome\Application\chrome.exe
Build info: version: '3.141.59', revision: 'e82be7d358', time: '2018-11-14T08:17:03'
System info: host: 'DESKTOP-60FMTN5', ip: '192.168.1.7', os.name: 'Windows 10', os.arch: 'amd64', os.version: '10.0', java.version: '11.0.13'
Driver info: driver.version: ChromeDriver
remote stacktrace: Backtrace:
Ordinal0 [0x00C89943+2595139]
Ordinal0 [0x00C1C9F1+2148849]
Ordinal0 [0x00B14528+1066280]
Ordinal0 [0x00B342C3+1196739]
Ordinal0 [0x00B2FE37+1179191]
Ordinal0 [0x00B2D6F1+1169137]
Ordinal0 [0x00B60530+1377584]
Ordinal0 [0x00B6018A+1376650]
Ordinal0 [0x00B5B806+1357830]
Ordinal0 [0x00B36086+1204358]
Ordinal0 [0x00B36F96+1208214]
GetHandleVerifier [0x00E2B232+1658114]
GetHandleVerifier [0x00EE312C+2411516]
GetHandleVerifier [0x00D1F261+560433]
GetHandleVerifier [0x00D1E366+556598]
Ordinal0 [0x00C2286B+2173035]
Ordinal0 [0x00C275F8+2192888]
Ordinal0 [0x00C276E5+2193125]
Ordinal0 [0x00C311FC+2232828]
BaseThreadInitThunk [0x75B9FA29+25]
RtlGetAppContainerNamedObjectPath [0x772B7A7E+286]
RtlGetAppContainerNamedObjectPath [0x772B7A4E+238]

at org.openqa.selenium.remote.W3CHandshakeResponse.lambda$errorHandler$0(W3CHandshakeResponse.java:62)
at org.openqa.selenium.remote.HandshakeResponse.lambda$getResponseFunction$0(HandshakeResponse.java:30)
at org.openqa.selenium.remote.ProtocolHandshake.lambda$createSession$0(ProtocolHandshake.java:126)
at java.base/java.util.stream.ReferencePipeline$3$1.accept(ReferencePipeline.java:195)
at java.base/java.util.Spliterators$ArraySpliterator.tryAdvance(Spliterators.java:958)
at java.base/java.util.stream.ReferencePipeline.forEachWithCancel(ReferencePipeline.java:127)
at java.base/java.util.stream.AbstractPipeline.copyIntoWithCancel(AbstractPipeline.java:502)
at java.base/java.util.stream.AbstractPipeline.copyInto(AbstractPipeline.java:488)
at java.base/java.util.stream.AbstractPipeline.wrapAndCopyInto(AbstractPipeline.java:474)
at java.base/java.util.stream.FindOps$FindOp.evaluateSequential(FindOps.java:150)
at java.base/java.util.stream.AbstractPipeline.evaluate(AbstractPipeline.java:234)
at java.base/java.util.stream.ReferencePipeline.findFirst(ReferencePipeline.java:543)
at org.openqa.selenium.remote.ProtocolHandshake.createSession(ProtocolHandshake.java:128)
at org.openqa.selenium.remote.ProtocolHandshake.createSession(ProtocolHandshake.java:74)
at org.openqa.selenium.remote.HttpCommandExecutor.execute(HttpCommandExecutor.java:136)
at org.openqa.selenium.remote.service.DriverCommandExecutor.execute(DriverCommandExecutor.java:83)
at org.openqa.selenium.remote.RemoteWebDriver.execute(RemoteWebDriver.java:552)
at org.openqa.selenium.remote.RemoteWebDriver.startSession(RemoteWebDriver.java:213)
at org.openqa.selenium.remote.RemoteWebDriver.<init>(RemoteWebDriver.java:131)
at org.openqa.selenium.chrome.ChromeDriver.<init>(ChromeDriver.java:181)
at org.openqa.selenium.chrome.ChromeDriver.<init>(ChromeDriver.java:168)
at org.openqa.selenium.chrome.ChromeDriver.<init>(ChromeDriver.java:123)
at Udemy.E2Eproject.Base.initializeDriver(Base.java:34)
at Udemy.E2Eproject.Homepage.opensite(Homepage.java:27)
... Removed 32 stack frames]]>
    </failure>
  </testcase> <!-- @BeforeTest opensite -->
  <testcase classname="Udemy.E2Eproject.Title" name="@BeforeTest opensite" time="-1.651815878537E9">
    <skipped/>
  </testcase> <!-- @BeforeTest opensite -->
  <testcase classname="Udemy.E2Eproject.Homepage" name="@AfterTest closeBrowser" time="-1.651815878583E9">
    <skipped/>
  </testcase> <!-- @AfterTest closeBrowser -->
  <testcase classname="Udemy.E2Eproject.Title" name="@AfterTest closeBrowser" time="-1.651815878583E9">
    <skipped/>
  </testcase> <!-- @AfterTest closeBrowser -->
  <testcase classname="Udemy.E2Eproject.Homepage" name="basePageNavigation" time="0.0">
    <skipped/>
  </testcase> <!-- basePageNavigation -->
  <testcase classname="Udemy.E2Eproject.Homepage" name="basePageNavigation" time="0.0">
    <skipped/>
  </testcase> <!-- basePageNavigation -->
  <testcase classname="Udemy.E2Eproject.Title" name="getFeature" time="0.0">
    <skipped/>
  </testcase> <!-- getFeature -->
</testsuite> <!-- Test -->
