<?xml version="1.0" encoding="UTF-8"?>
<<<<<<< HEAD
<testng-results ignored="0" total="3" passed="2" failed="1" skipped="0">
  <reporter-output>
  </reporter-output>
  <suite started-at="2022-05-16T09:19:06 IST" name="Suite" finished-at="2022-05-16T09:19:43 IST" duration-ms="36532">
    <groups>
    </groups>
    <test started-at="2022-05-16T09:19:06 IST" name="Get Feature" finished-at="2022-05-16T09:19:25 IST" duration-ms="19072">
      <class name="Udemy.E2Eproject.Title">
        <test-method is-config="true" signature="opensite()[pri:0, instance:Udemy.E2Eproject.Title@51b01960]" started-at="2022-05-16T09:19:06 IST" name="opensite" finished-at="2022-05-16T09:19:25 IST" duration-ms="18826" status="PASS">
          <reporter-output>
          </reporter-output>
        </test-method> <!-- opensite -->
        <test-method signature="getFeature()[pri:0, instance:Udemy.E2Eproject.Title@51b01960]" started-at="2022-05-16T09:19:25 IST" name="getFeature" finished-at="2022-05-16T09:19:25 IST" duration-ms="23" status="FAIL">
          <exception class="java.lang.AssertionError">
            <message>
              <![CDATA[expected [FEATURED COURSES] but found [LEATURED COURSES]]]>
            </message>
            <full-stacktrace>
              <![CDATA[java.lang.AssertionError: expected [FEATURED COURSES] but found [LEATURED COURSES]
at org.testng.Assert.fail(Assert.java:99)
at org.testng.Assert.failNotEquals(Assert.java:1037)
at org.testng.Assert.assertEqualsImpl(Assert.java:140)
at org.testng.Assert.assertEquals(Assert.java:122)
at org.testng.Assert.assertEquals(Assert.java:629)
at org.testng.Assert.assertEquals(Assert.java:639)
at Udemy.E2Eproject.Title.getFeature(Title.java:43)
=======
<testng-results ignored="0" total="1" passed="0" failed="1" skipped="0">
  <reporter-output>
  </reporter-output>
  <suite started-at="2023-04-16T07:26:16 IST" name="Default suite" finished-at="2023-04-16T07:26:19 IST" duration-ms="2478">
    <groups>
    </groups>
    <test started-at="2023-04-16T07:26:16 IST" name="Default test" finished-at="2023-04-16T07:26:19 IST" duration-ms="2478">
      <class name="Udemy.E2Eproject.Rezolve">
        <test-method signature="opensite()[pri:0, instance:Udemy.E2Eproject.Rezolve@4cc8eb05]" started-at="2023-04-16T07:26:16 IST" name="opensite" finished-at="2023-04-16T07:26:19 IST" duration-ms="2456" status="FAIL">
          <exception class="java.lang.NullPointerException">
            <full-stacktrace>
              <![CDATA[java.lang.NullPointerException
at Udemy.E2Eproject.Rezolve.opensite(Rezolve.java:24)
>>>>>>> 5d375d3038cc67e63fa9ae9228164e75797a63b8
at java.base/jdk.internal.reflect.NativeMethodAccessorImpl.invoke0(Native Method)
at java.base/jdk.internal.reflect.NativeMethodAccessorImpl.invoke(NativeMethodAccessorImpl.java:62)
at java.base/jdk.internal.reflect.DelegatingMethodAccessorImpl.invoke(DelegatingMethodAccessorImpl.java:43)
at java.base/java.lang.reflect.Method.invoke(Method.java:566)
at org.testng.internal.MethodInvocationHelper.invokeMethod(MethodInvocationHelper.java:133)
at org.testng.internal.TestInvoker.invokeMethod(TestInvoker.java:598)
at org.testng.internal.TestInvoker.invokeTestMethod(TestInvoker.java:173)
at org.testng.internal.MethodRunner.runInSequence(MethodRunner.java:46)
at org.testng.internal.TestInvoker$MethodInvocationAgent.invoke(TestInvoker.java:824)
at org.testng.internal.TestInvoker.invokeTestMethods(TestInvoker.java:146)
at org.testng.internal.TestMethodWorker.invokeTestMethods(TestMethodWorker.java:146)
at org.testng.internal.TestMethodWorker.run(TestMethodWorker.java:128)
at java.base/java.util.ArrayList.forEach(ArrayList.java:1541)
at org.testng.TestRunner.privateRun(TestRunner.java:794)
at org.testng.TestRunner.run(TestRunner.java:596)
at org.testng.SuiteRunner.runTest(SuiteRunner.java:377)
<<<<<<< HEAD
at org.testng.SuiteRunner.access$000(SuiteRunner.java:28)
at org.testng.SuiteRunner$SuiteWorker.run(SuiteRunner.java:418)
at org.testng.internal.thread.ThreadUtil.lambda$execute$0(ThreadUtil.java:64)
at java.base/java.util.concurrent.FutureTask.run(FutureTask.java:264)
at java.base/java.util.concurrent.ThreadPoolExecutor.runWorker(ThreadPoolExecutor.java:1128)
at java.base/java.util.concurrent.ThreadPoolExecutor$Worker.run(ThreadPoolExecutor.java:628)
at java.base/java.lang.Thread.run(Thread.java:834)
]]>
            </full-stacktrace>
          </exception> <!-- java.lang.AssertionError -->
          <reporter-output>
          </reporter-output>
        </test-method> <!-- getFeature -->
        <test-method is-config="true" signature="closeBrowser()[pri:0, instance:Udemy.E2Eproject.Title@51b01960]" started-at="2022-05-16T09:19:25 IST" name="closeBrowser" finished-at="2022-05-16T09:19:25 IST" duration-ms="41" status="PASS">
          <reporter-output>
          </reporter-output>
        </test-method> <!-- closeBrowser -->
      </class> <!-- Udemy.E2Eproject.Title -->
    </test> <!-- Get Feature -->
    <test started-at="2022-05-16T09:19:06 IST" name="Login" finished-at="2022-05-16T09:19:43 IST" duration-ms="36532">
      <class name="Udemy.E2Eproject.Homepage">
        <test-method is-config="true" signature="opensite()[pri:0, instance:Udemy.E2Eproject.Homepage@7048f722]" started-at="2022-05-16T09:19:06 IST" name="opensite" finished-at="2022-05-16T09:19:08 IST" duration-ms="1520" status="PASS">
          <reporter-output>
          </reporter-output>
        </test-method> <!-- opensite -->
        <test-method signature="basePageNavigation(java.lang.String,java.lang.String)[pri:0, instance:Udemy.E2Eproject.Homepage@7048f722]" started-at="2022-05-16T09:19:08 IST" name="basePageNavigation" data-provider="getData" finished-at="2022-05-16T09:19:26 IST" duration-ms="18550" status="PASS">
          <params>
            <param index="0">
              <value>
                <![CDATA[gautam]]>
              </value>
            </param>
            <param index="1">
              <value>
                <![CDATA[123]]>
              </value>
            </param>
          </params>
          <reporter-output>
          </reporter-output>
        </test-method> <!-- basePageNavigation -->
        <test-method signature="basePageNavigation(java.lang.String,java.lang.String)[pri:0, instance:Udemy.E2Eproject.Homepage@7048f722]" started-at="2022-05-16T09:19:26 IST" name="basePageNavigation" data-provider="getData" finished-at="2022-05-16T09:19:43 IST" duration-ms="16402" status="PASS">
          <params>
            <param index="0">
              <value>
                <![CDATA[akshat]]>
              </value>
            </param>
            <param index="1">
              <value>
                <![CDATA[890]]>
              </value>
            </param>
          </params>
          <reporter-output>
          </reporter-output>
        </test-method> <!-- basePageNavigation -->
        <test-method is-config="true" signature="closeBrowser()[pri:0, instance:Udemy.E2Eproject.Homepage@7048f722]" started-at="2022-05-16T09:19:43 IST" name="closeBrowser" finished-at="2022-05-16T09:19:43 IST" duration-ms="35" status="PASS">
          <reporter-output>
          </reporter-output>
        </test-method> <!-- closeBrowser -->
      </class> <!-- Udemy.E2Eproject.Homepage -->
    </test> <!-- Login -->
  </suite> <!-- Suite -->
=======
at org.testng.SuiteRunner.runSequentially(SuiteRunner.java:371)
at org.testng.SuiteRunner.privateRun(SuiteRunner.java:332)
at org.testng.SuiteRunner.run(SuiteRunner.java:276)
at org.testng.SuiteRunnerWorker.runSuite(SuiteRunnerWorker.java:53)
at org.testng.SuiteRunnerWorker.run(SuiteRunnerWorker.java:96)
at org.testng.TestNG.runSuitesSequentially(TestNG.java:1212)
at org.testng.TestNG.runSuitesLocally(TestNG.java:1134)
at org.testng.TestNG.runSuites(TestNG.java:1063)
at org.testng.TestNG.run(TestNG.java:1031)
at org.testng.remote.AbstractRemoteTestNG.run(AbstractRemoteTestNG.java:115)
at org.testng.remote.RemoteTestNG.initAndRun(RemoteTestNG.java:251)
at org.testng.remote.RemoteTestNG.main(RemoteTestNG.java:77)
]]>
            </full-stacktrace>
          </exception> <!-- java.lang.NullPointerException -->
          <reporter-output>
          </reporter-output>
        </test-method> <!-- opensite -->
      </class> <!-- Udemy.E2Eproject.Rezolve -->
    </test> <!-- Default test -->
  </suite> <!-- Default suite -->
>>>>>>> 5d375d3038cc67e63fa9ae9228164e75797a63b8
</testng-results>
